<?xml version="1.0" encoding="UTF-8"?>
<!-- Generated by org.testng.reporters.JUnitReportReporter -->
<testsuite hostname="EC2AMAZ-S11DBRH" failures="0" tests="1" name="runner.MyTestRunner" time="9.740" errors="0" timestamp="2023-08-29T07:24:24 GMT" skipped="0">
  <testcase classname="runner.MyTestRunner" name="runScenario" time="9.740"/>
  <system-out/>
</testsuite> <!-- runner.MyTestRunner -->
